<?xml version="1.0" encoding="UTF-8"?>
<!-- Generated by org.testng.reporters.JUnitXMLReporter -->
<testsuite ignored="0" hostname="DESKTOP-4ICHR7B" failures="0" tests="3" name="Firefox Regression Test" time="23.763" errors="0" timestamp="2022-01-05T13:20:16 MEZ">
  <testcase classname="tests.UserRegiserationwithGrid" name="openRegisterPage" time="3.544"/>
  <testcase classname="tests.UserRegiserationwithGrid" name="register" time="3.778"/>
  <testcase classname="tests.UserRegiserationwithGrid" name="verifyRegisteration" time="0.144"/>
</testsuite> <!-- Firefox Regression Test -->
