<?xml version="1.0" encoding="UTF-8"?>
<!-- Generated by org.testng.reporters.JUnitXMLReporter -->
<testsuite hostname="DESKTOP-4ICHR7B" ignored="0" name="Test" tests="3" failures="1" timestamp="2021-11-18T12:08:38 MEZ" time="5.486" errors="0">
  <testcase name="openRegisterPage" time="4.651" classname="tests.Register"/>
  <testcase name="register" time="0.711" classname="tests.Register"/>
  <testcase name="verifyRegisteration" time="0.063" classname="tests.Register">
    <failure type="java.lang.AssertionError" message="expected [true] but found [false]">
      <![CDATA[java.lang.AssertionError: expected [true] but found [false]
at tests.Register.verifyRegisteration(Register.java:34)
at java.util.ArrayList.forEach(ArrayList.java:1257)
... Removed 31 stack frames]]>
    </failure>
  </testcase> <!-- verifyRegisteration -->
</testsuite> <!-- Test -->
