<?xml version="1.0" encoding="UTF-8"?>
<testsuite xmlns:xsi="http://www.w3.org/2001/XMLSchema-instance" xsi:noNamespaceSchemaLocation="https://maven.apache.org/surefire/maven-surefire-plugin/xsd/surefire-test-report.xsd" name="TestSuite" time="84.34" tests="4" errors="0" skipped="0" failures="0">
  <properties>
[...]
</properties>
  <testcase name="runScenario" classname="Runner.TestRunner" time="20.13"/>
  <testcase name="runScenario" classname="Runner.TestRunner" time="17.876"/>
  <testcase name="runScenario" classname="Runner.TestRunner" time="16.073"/>
  <testcase name="runScenario" classname="Runner.TestRunner" time="8.289"/>
</testsuite>